<?xml version="1.0" encoding="UTF-8"?>
<!-- Generated by org.testng.reporters.JUnitReportReporter -->
<testsuite hostname="TJ20AA026-PC" failures="0" tests="1" name="ExampleScript" time="49.910" errors="0" timestamp="2023-04-13T19:20:13 IST" skipped="0">
  <testcase classname="ExampleScript" name="script" time="49.910"/>
  <system-out/>
</testsuite> <!-- ExampleScript -->
